<?xml version="1.0" encoding="UTF-8"?>
<!-- Generated by org.testng.reporters.JUnitReportReporter -->
<testsuite hostname="Alexandres-MacBook-Pro.local" failures="0" tests="4" name="com.herokuapp.theinternet.NegativeTests" time="12.175" errors="0" timestamp="29 Jan 2021 17:24:38 GMT" skipped="0">
  <testcase classname="com.herokuapp.theinternet.NegativeTests" name="negativeTest" time="3.277"/>
  <testcase classname="com.herokuapp.theinternet.NegativeTests" name="negativeTest" time="2.866"/>
  <testcase classname="com.herokuapp.theinternet.NegativeTests" name="negativeTest" time="3.034"/>
  <testcase classname="com.herokuapp.theinternet.NegativeTests" name="negativeTest" time="2.998"/>
</testsuite> <!-- com.herokuapp.theinternet.NegativeTests -->
