<?xml version="1.0" encoding="UTF-8"?>
<!-- Generated by org.testng.reporters.JUnitReportReporter -->
<testsuite hostname="Alexandres-MacBook-Pro.local" failures="0" tests="2" name="com.herokuapp.theinternet.loginpagetests.PositiveLogInTests" time="16.071" errors="0" timestamp="08 Feb 2021 23:29:56 GMT" skipped="0">
  <testcase classname="com.herokuapp.theinternet.loginpagetests.PositiveLogInTests" name="logInTest" time="7.246"/>
  <testcase classname="com.herokuapp.theinternet.loginpagetests.PositiveLogInTests" name="logInTest" time="8.825"/>
</testsuite> <!-- com.herokuapp.theinternet.loginpagetests.PositiveLogInTests -->
