<?xml version="1.0" encoding="UTF-8"?>
<!-- Generated by org.testng.reporters.JUnitReportReporter -->
<testsuite hostname="Alexandres-MacBook-Pro.local" failures="0" tests="4" name="com.herokuapp.theinternet.loginpagetests.NegativeLogInTests" time="18.034" errors="0" timestamp="29 Jan 2021 22:40:44 GMT" skipped="0">
  <testcase classname="com.herokuapp.theinternet.loginpagetests.NegativeLogInTests" name="negativeTest" time="4.434"/>
  <testcase classname="com.herokuapp.theinternet.loginpagetests.NegativeLogInTests" name="negativeTest" time="4.459"/>
  <testcase classname="com.herokuapp.theinternet.loginpagetests.NegativeLogInTests" name="negativeTest" time="4.642"/>
  <testcase classname="com.herokuapp.theinternet.loginpagetests.NegativeLogInTests" name="negativeTest" time="4.499"/>
</testsuite> <!-- com.herokuapp.theinternet.loginpagetests.NegativeLogInTests -->
