<?xml version="1.0" encoding="UTF-8"?>
<!-- Generated by org.testng.reporters.JUnitReportReporter -->
<testsuite hostname="Alexandres-MacBook-Pro.local" failures="0" tests="1" name="com.herokuapp.theinternet.PositiveTests" time="4.366" errors="0" timestamp="29 Jan 2021 17:24:19 GMT" skipped="0">
  <testcase classname="com.herokuapp.theinternet.PositiveTests" name="logInTest" time="4.366"/>
</testsuite> <!-- com.herokuapp.theinternet.PositiveTests -->
