<?xml version="1.0" encoding="UTF-8"?>
<!-- Generated by org.testng.reporters.JUnitReportReporter -->
<testsuite hostname="Alexandres-MacBook-Pro.local" failures="0" tests="1" name="com.herokuapp.theinternet.loginpagetests.PositiveLogInTests" time="4.065" errors="0" timestamp="29 Jan 2021 22:20:23 GMT" skipped="0">
  <testcase classname="com.herokuapp.theinternet.loginpagetests.PositiveLogInTests" name="logInTest" time="4.065"/>
</testsuite> <!-- com.herokuapp.theinternet.loginpagetests.PositiveLogInTests -->
